<?xml version="1.0" encoding="UTF-8"?>
<!-- Generated by org.testng.reporters.JUnitXMLReporter -->
<testsuite ignored="0" hostname="Abi" failures="0" tests="5" name="Test" time="107.315" errors="0" timestamp="07 Jun 2020 20:31:34 GMT">
  <testcase classname="com.qa.testcases.TC_02_Calendarpage" name="addNewCalenderInvite" time="10.345"/>
  <testcase classname="com.qa.testcases.TC_05_DealsPage" name="Dealspage" time="7.718"/>
  <testcase classname="com.qa.testcases.TC_06_CompaniesPage" name="companies_TabClick" time="12.006"/>
  <testcase classname="com.qa.testcases.TC_07_TasksPage" name="task_Tab" time="5.577"/>
  <testcase classname="com.qa.testcases.TC_01_Loginpage" name="FreeCrmLogin" time="6.711"/>
</testsuite> <!-- Test -->
