<?xml version="1.0" encoding="UTF-8"?>
<!-- Generated by org.testng.reporters.JUnitXMLReporter -->
<testsuite ignored="0" hostname="Abi" failures="0" tests="12" name="Test" time="303.311" errors="0" timestamp="07 Jun 2020 20:57:35 GMT">
  <testcase classname="com.qa.testcases.TC_02_Calendarpage" name="addNewCalenderInvite" time="10.428"/>
  <testcase classname="com.qa.testcases.TC_07_TasksPage" name="task_Tab" time="6.215"/>
  <testcase classname="com.qa.testcases.TC_06_CompaniesPage" name="companies_TabClick" time="10.656"/>
  <testcase classname="com.qa.testcases.TC_05_DealsPage" name="Dealspage" time="7.264"/>
  <testcase classname="com.qa.testcases.TC_01_Loginpage" name="FreeCrmLogin" time="7.492"/>
  <testcase classname="com.qa.testcases.TC_08_DocumentsPage" name="documents_Tab" time="8.517"/>
  <testcase classname="com.qa.testcases.TC_04_ContactpageDDT" name="AddNewContacts" time="8.446"/>
  <testcase classname="com.qa.testcases.TC_04_ContactpageDDT" name="AddNewContacts" time="9.935"/>
  <testcase classname="com.qa.testcases.TC_04_ContactpageDDT" name="AddNewContacts" time="9.497"/>
  <testcase classname="com.qa.testcases.TC_08_DocumentsPage" name="NewFolder" time="3.55"/>
  <testcase classname="com.qa.testcases.TC_04_ContactpageDDT" name="editContacts" time="6.441"/>
  <testcase classname="com.qa.testcases.TC_04_ContactpageDDT" name="deleteContacts" time="30.365"/>
</testsuite> <!-- Test -->
