<?xml version="1.0" encoding="UTF-8"?>
<!-- Generated by org.testng.reporters.JUnitXMLReporter -->
<testsuite ignored="0" hostname="Abi" failures="0" tests="12" name="Test" time="332.26" errors="0" timestamp="08 Jun 2020 19:20:13 GMT">
  <testcase classname="com.qa.testcases.TC_02_Calendarpage" name="addNewCalenderInvite" time="13.644"/>
  <testcase classname="com.qa.testcases.TC_07_TasksPage" name="task_Tab" time="9.071"/>
  <testcase classname="com.qa.testcases.TC_06_CompaniesPage" name="companies_TabClick" time="13.783"/>
  <testcase classname="com.qa.testcases.TC_05_DealsPage" name="Dealspage" time="10.457"/>
  <testcase classname="com.qa.testcases.TC_01_Loginpage" name="FreeCrmLogin" time="9.747"/>
  <testcase classname="com.qa.testcases.TC_08_DocumentsPage" name="documents_Tab" time="13.723"/>
  <testcase classname="com.qa.testcases.TC_04_ContactpageDDT" name="AddNewContacts" time="12.246"/>
  <testcase classname="com.qa.testcases.TC_04_ContactpageDDT" name="AddNewContacts" time="11.684"/>
  <testcase classname="com.qa.testcases.TC_04_ContactpageDDT" name="AddNewContacts" time="13.464"/>
  <testcase classname="com.qa.testcases.TC_08_DocumentsPage" name="NewFolder" time="3.93"/>
  <testcase classname="com.qa.testcases.TC_04_ContactpageDDT" name="editContacts" time="7.537"/>
  <testcase classname="com.qa.testcases.TC_04_ContactpageDDT" name="deleteContacts" time="6.044"/>
</testsuite> <!-- Test -->
