<?xml version="1.0" encoding="UTF-8"?>
<testsuite name="TestSuite" time="99.244" tests="12" errors="0" skipped="0" failures="0">
  <properties>
[...]
</properties>
  <testcase name="addNewCalenderInvite" classname="com.qa.testcases.TC_02_Calendarpage" time="10.319"/>
  <testcase name="task_Tab" classname="com.qa.testcases.TC_07_TasksPage" time="6.214"/>
  <testcase name="companies_TabClick" classname="com.qa.testcases.TC_06_CompaniesPage" time="10.637"/>
  <testcase name="Dealspage" classname="com.qa.testcases.TC_05_DealsPage" time="7.262"/>
  <testcase name="FreeCrmLogin" classname="com.qa.testcases.TC_01_Loginpage" time="7.492"/>
  <testcase name="documents_Tab" classname="com.qa.testcases.TC_08_DocumentsPage" time="8.518"/>
  <testcase name="AddNewContacts" classname="com.qa.testcases.TC_04_ContactpageDDT" time="8.447"/>
  <testcase name="AddNewContacts" classname="com.qa.testcases.TC_04_ContactpageDDT" time="9.93"/>
  <testcase name="AddNewContacts" classname="com.qa.testcases.TC_04_ContactpageDDT" time="9.494"/>
  <testcase name="NewFolder" classname="com.qa.testcases.TC_08_DocumentsPage" time="3.548"/>
  <testcase name="editContacts" classname="com.qa.testcases.TC_04_ContactpageDDT" time="6.439"/>
  <testcase name="deleteContacts" classname="com.qa.testcases.TC_04_ContactpageDDT" time="30.368"/>
</testsuite>