<?xml version="1.0" encoding="UTF-8"?>
<testng-results ignored="0" total="12" passed="12" failed="0" skipped="0">
  <reporter-output>
  </reporter-output>
  <suite started-at="2020-06-08T19:14:41Z" name="Suite" finished-at="2020-06-08T19:20:13Z" duration-ms="332260">
    <groups>
    </groups>
    <test started-at="2020-06-08T19:14:41Z" name="Test" finished-at="2020-06-08T19:20:13Z" duration-ms="332260">
      <class name="com.qa.testcases.TC_07_TasksPage">
        <test-method is-config="true" signature="intiBrowser()[pri:0, instance:com.qa.testcases.TC_07_TasksPage@21129f1f]" started-at="2020-06-08T19:15:16Z" name="intiBrowser" finished-at="2020-06-08T19:15:32Z" duration-ms="16105" status="PASS">
          <reporter-output>
          </reporter-output>
        </test-method> <!-- intiBrowser -->
        <test-method signature="task_Tab()[pri:0, instance:com.qa.testcases.TC_07_TasksPage@21129f1f]" started-at="2020-06-08T19:15:32Z" name="task_Tab" finished-at="2020-06-08T19:15:41Z" duration-ms="9071" status="PASS">
          <reporter-output>
          </reporter-output>
        </test-method> <!-- task_Tab -->
        <test-method is-config="true" signature="close()[pri:0, instance:com.qa.testcases.TC_07_TasksPage@21129f1f]" started-at="2020-06-08T19:15:41Z" name="close" finished-at="2020-06-08T19:15:43Z" duration-ms="2508" status="PASS">
          <reporter-output>
          </reporter-output>
        </test-method> <!-- close -->
      </class> <!-- com.qa.testcases.TC_07_TasksPage -->
      <class name="com.qa.testcases.TC_02_Calendarpage">
        <test-method is-config="true" signature="init_browser()[pri:0, instance:com.qa.testcases.TC_02_Calendarpage@352c1b98]" started-at="2020-06-08T19:14:41Z" name="init_browser" finished-at="2020-06-08T19:15:00Z" duration-ms="18540" status="PASS">
          <reporter-output>
          </reporter-output>
        </test-method> <!-- init_browser -->
        <test-method signature="addNewCalenderInvite()[pri:0, instance:com.qa.testcases.TC_02_Calendarpage@352c1b98]" started-at="2020-06-08T19:15:00Z" name="addNewCalenderInvite" finished-at="2020-06-08T19:15:14Z" duration-ms="13644" status="PASS">
          <reporter-output>
          </reporter-output>
        </test-method> <!-- addNewCalenderInvite -->
        <test-method is-config="true" signature="closebrowser()[pri:0, instance:com.qa.testcases.TC_02_Calendarpage@352c1b98]" started-at="2020-06-08T19:15:14Z" name="closebrowser" finished-at="2020-06-08T19:15:16Z" duration-ms="1905" status="PASS">
          <reporter-output>
          </reporter-output>
        </test-method> <!-- closebrowser -->
      </class> <!-- com.qa.testcases.TC_02_Calendarpage -->
      <class name="com.qa.testcases.TC_01_Loginpage">
        <test-method is-config="true" signature="init_browser()[pri:0, instance:com.qa.testcases.TC_01_Loginpage@6853425f]" started-at="2020-06-08T19:16:43Z" name="init_browser" finished-at="2020-06-08T19:16:52Z" duration-ms="9282" status="PASS">
          <reporter-output>
          </reporter-output>
        </test-method> <!-- init_browser -->
        <test-method signature="FreeCrmLogin()[pri:1, instance:com.qa.testcases.TC_01_Loginpage@6853425f]" started-at="2020-06-08T19:16:52Z" name="FreeCrmLogin" finished-at="2020-06-08T19:17:02Z" duration-ms="9747" status="PASS">
          <reporter-output>
          </reporter-output>
        </test-method> <!-- FreeCrmLogin -->
        <test-method is-config="true" signature="closebrowser()[pri:0, instance:com.qa.testcases.TC_01_Loginpage@6853425f]" started-at="2020-06-08T19:17:02Z" name="closebrowser" finished-at="2020-06-08T19:17:03Z" duration-ms="1244" status="PASS">
          <reporter-output>
          </reporter-output>
        </test-method> <!-- closebrowser -->
      </class> <!-- com.qa.testcases.TC_01_Loginpage -->
      <class name="com.qa.testcases.TC_08_DocumentsPage">
        <test-method is-config="true" signature="intiBrowser_Login()[pri:0, instance:com.qa.testcases.TC_08_DocumentsPage@7d898981]" started-at="2020-06-08T19:17:03Z" name="intiBrowser_Login" finished-at="2020-06-08T19:17:20Z" duration-ms="16616" status="PASS">
          <reporter-output>
          </reporter-output>
        </test-method> <!-- intiBrowser_Login -->
        <test-method signature="documents_Tab()[pri:1, instance:com.qa.testcases.TC_08_DocumentsPage@7d898981]" started-at="2020-06-08T19:17:20Z" name="documents_Tab" finished-at="2020-06-08T19:17:33Z" duration-ms="13723" status="PASS">
          <reporter-output>
          </reporter-output>
        </test-method> <!-- documents_Tab -->
        <test-method is-config="true" signature="close()[pri:0, instance:com.qa.testcases.TC_08_DocumentsPage@7d898981]" started-at="2020-06-08T19:17:33Z" name="close" finished-at="2020-06-08T19:17:35Z" duration-ms="1970" status="PASS">
          <reporter-output>
          </reporter-output>
        </test-method> <!-- close -->
        <test-method is-config="true" signature="intiBrowser_Login()[pri:0, instance:com.qa.testcases.TC_08_DocumentsPage@7d898981]" started-at="2020-06-08T19:19:05Z" name="intiBrowser_Login" finished-at="2020-06-08T19:19:19Z" duration-ms="13976" status="PASS">
          <reporter-output>
          </reporter-output>
        </test-method> <!-- intiBrowser_Login -->
        <test-method signature="NewFolder()[pri:2, instance:com.qa.testcases.TC_08_DocumentsPage@7d898981]" started-at="2020-06-08T19:19:19Z" name="NewFolder" finished-at="2020-06-08T19:19:23Z" duration-ms="3930" status="PASS">
          <reporter-output>
          </reporter-output>
        </test-method> <!-- NewFolder -->
        <test-method is-config="true" signature="close()[pri:0, instance:com.qa.testcases.TC_08_DocumentsPage@7d898981]" started-at="2020-06-08T19:19:23Z" name="close" finished-at="2020-06-08T19:19:26Z" duration-ms="2476" status="PASS">
          <reporter-output>
          </reporter-output>
        </test-method> <!-- close -->
      </class> <!-- com.qa.testcases.TC_08_DocumentsPage -->
      <class name="com.qa.testcases.TC_05_DealsPage">
        <test-method is-config="true" signature="startup()[pri:0, instance:com.qa.testcases.TC_05_DealsPage@282cb7c7]" started-at="2020-06-08T19:16:15Z" name="startup" finished-at="2020-06-08T19:16:30Z" duration-ms="15114" status="PASS">
          <reporter-output>
          </reporter-output>
        </test-method> <!-- startup -->
        <test-method signature="Dealspage()[pri:0, instance:com.qa.testcases.TC_05_DealsPage@282cb7c7]" started-at="2020-06-08T19:16:30Z" name="Dealspage" finished-at="2020-06-08T19:16:40Z" duration-ms="10457" status="PASS">
          <reporter-output>
          </reporter-output>
        </test-method> <!-- Dealspage -->
        <test-method is-config="true" signature="close()[pri:0, instance:com.qa.testcases.TC_05_DealsPage@282cb7c7]" started-at="2020-06-08T19:16:40Z" name="close" finished-at="2020-06-08T19:16:43Z" duration-ms="2405" status="PASS">
          <reporter-output>
          </reporter-output>
        </test-method> <!-- close -->
      </class> <!-- com.qa.testcases.TC_05_DealsPage -->
      <class name="com.qa.testcases.TC_06_CompaniesPage">
        <test-method is-config="true" signature="intiBrowser_Login()[pri:0, instance:com.qa.testcases.TC_06_CompaniesPage@5a9f4771]" started-at="2020-06-08T19:15:43Z" name="intiBrowser_Login" finished-at="2020-06-08T19:15:59Z" duration-ms="15683" status="PASS">
          <reporter-output>
          </reporter-output>
        </test-method> <!-- intiBrowser_Login -->
        <test-method signature="companies_TabClick()[pri:0, instance:com.qa.testcases.TC_06_CompaniesPage@5a9f4771]" started-at="2020-06-08T19:15:59Z" name="companies_TabClick" finished-at="2020-06-08T19:16:13Z" duration-ms="13783" status="PASS">
          <reporter-output>
          </reporter-output>
        </test-method> <!-- companies_TabClick -->
        <test-method is-config="true" signature="close()[pri:0, instance:com.qa.testcases.TC_06_CompaniesPage@5a9f4771]" started-at="2020-06-08T19:16:13Z" name="close" finished-at="2020-06-08T19:16:15Z" duration-ms="1894" status="PASS">
          <reporter-output>
          </reporter-output>
        </test-method> <!-- close -->
      </class> <!-- com.qa.testcases.TC_06_CompaniesPage -->
      <class name="com.qa.testcases.TC_04_ContactpageDDT">
        <test-method is-config="true" signature="init_browser()[pri:0, instance:com.qa.testcases.TC_04_ContactpageDDT@48d61b48]" started-at="2020-06-08T19:17:38Z" name="init_browser" finished-at="2020-06-08T19:17:53Z" duration-ms="15082" status="PASS">
          <reporter-output>
          </reporter-output>
        </test-method> <!-- init_browser -->
        <test-method signature="AddNewContacts(java.lang.String, java.lang.String, java.lang.String, java.lang.String, java.lang.String)[pri:1, instance:com.qa.testcases.TC_04_ContactpageDDT@48d61b48]" started-at="2020-06-08T19:17:53Z" name="AddNewContacts" data-provider="contacts" finished-at="2020-06-08T19:18:05Z" duration-ms="12246" status="PASS">
          <params>
            <param index="0">
              <value>
                <![CDATA[Ram]]>
              </value>
            </param>
            <param index="1">
              <value>
                <![CDATA[Kumar]]>
              </value>
            </param>
            <param index="2">
              <value>
                <![CDATA[BellRoad]]>
              </value>
            </param>
            <param index="3">
              <value>
                <![CDATA[pheonix]]>
              </value>
            </param>
            <param index="4">
              <value>
                <![CDATA[Arizona]]>
              </value>
            </param>
          </params>
          <reporter-output>
          </reporter-output>
        </test-method> <!-- AddNewContacts -->
        <test-method is-config="true" signature="closebrowser()[pri:0, instance:com.qa.testcases.TC_04_ContactpageDDT@48d61b48]" started-at="2020-06-08T19:18:05Z" name="closebrowser" finished-at="2020-06-08T19:18:07Z" duration-ms="2122" status="PASS">
          <reporter-output>
          </reporter-output>
        </test-method> <!-- closebrowser -->
        <test-method is-config="true" signature="init_browser()[pri:0, instance:com.qa.testcases.TC_04_ContactpageDDT@48d61b48]" started-at="2020-06-08T19:18:07Z" name="init_browser" finished-at="2020-06-08T19:18:22Z" duration-ms="14617" status="PASS">
          <reporter-output>
          </reporter-output>
        </test-method> <!-- init_browser -->
        <test-method signature="AddNewContacts(java.lang.String, java.lang.String, java.lang.String, java.lang.String, java.lang.String)[pri:1, instance:com.qa.testcases.TC_04_ContactpageDDT@48d61b48]" started-at="2020-06-08T19:18:22Z" name="AddNewContacts" data-provider="contacts" finished-at="2020-06-08T19:18:34Z" duration-ms="11684" status="PASS">
          <params>
            <param index="0">
              <value>
                <![CDATA[kavitha]]>
              </value>
            </param>
            <param index="1">
              <value>
                <![CDATA[jijo]]>
              </value>
            </param>
            <param index="2">
              <value>
                <![CDATA[bellroad]]>
              </value>
            </param>
            <param index="3">
              <value>
                <![CDATA[Charlotte]]>
              </value>
            </param>
            <param index="4">
              <value>
                <![CDATA[NC]]>
              </value>
            </param>
          </params>
          <reporter-output>
          </reporter-output>
        </test-method> <!-- AddNewContacts -->
        <test-method is-config="true" signature="closebrowser()[pri:0, instance:com.qa.testcases.TC_04_ContactpageDDT@48d61b48]" started-at="2020-06-08T19:18:34Z" name="closebrowser" finished-at="2020-06-08T19:18:36Z" duration-ms="1842" status="PASS">
          <reporter-output>
          </reporter-output>
        </test-method> <!-- closebrowser -->
        <test-method is-config="true" signature="init_browser()[pri:0, instance:com.qa.testcases.TC_04_ContactpageDDT@48d61b48]" started-at="2020-06-08T19:18:36Z" name="init_browser" finished-at="2020-06-08T19:18:50Z" duration-ms="14409" status="PASS">
          <reporter-output>
          </reporter-output>
        </test-method> <!-- init_browser -->
        <test-method signature="AddNewContacts(java.lang.String, java.lang.String, java.lang.String, java.lang.String, java.lang.String)[pri:1, instance:com.qa.testcases.TC_04_ContactpageDDT@48d61b48]" started-at="2020-06-08T19:18:50Z" name="AddNewContacts" data-provider="contacts" finished-at="2020-06-08T19:19:03Z" duration-ms="13464" status="PASS">
          <params>
            <param index="0">
              <value>
                <![CDATA[Manjula]]>
              </value>
            </param>
            <param index="1">
              <value>
                <![CDATA[S]]>
              </value>
            </param>
            <param index="2">
              <value>
                <![CDATA[Union hills Dr]]>
              </value>
            </param>
            <param index="3">
              <value>
                <![CDATA[Glendale]]>
              </value>
            </param>
            <param index="4">
              <value>
                <![CDATA[California]]>
              </value>
            </param>
          </params>
          <reporter-output>
          </reporter-output>
        </test-method> <!-- AddNewContacts -->
        <test-method is-config="true" signature="closebrowser()[pri:0, instance:com.qa.testcases.TC_04_ContactpageDDT@48d61b48]" started-at="2020-06-08T19:19:03Z" name="closebrowser" finished-at="2020-06-08T19:19:05Z" duration-ms="1753" status="PASS">
          <reporter-output>
          </reporter-output>
        </test-method> <!-- closebrowser -->
        <test-method is-config="true" signature="init_browser()[pri:0, instance:com.qa.testcases.TC_04_ContactpageDDT@48d61b48]" started-at="2020-06-08T19:19:26Z" name="init_browser" finished-at="2020-06-08T19:19:40Z" duration-ms="14890" status="PASS">
          <reporter-output>
          </reporter-output>
        </test-method> <!-- init_browser -->
        <test-method signature="editContacts()[pri:2, instance:com.qa.testcases.TC_04_ContactpageDDT@48d61b48]" started-at="2020-06-08T19:19:40Z" name="editContacts" finished-at="2020-06-08T19:19:48Z" duration-ms="7537" status="PASS">
          <reporter-output>
          </reporter-output>
        </test-method> <!-- editContacts -->
        <test-method is-config="true" signature="closebrowser()[pri:0, instance:com.qa.testcases.TC_04_ContactpageDDT@48d61b48]" started-at="2020-06-08T19:19:48Z" name="closebrowser" finished-at="2020-06-08T19:19:50Z" duration-ms="1764" status="PASS">
          <reporter-output>
          </reporter-output>
        </test-method> <!-- closebrowser -->
        <test-method is-config="true" signature="init_browser()[pri:0, instance:com.qa.testcases.TC_04_ContactpageDDT@48d61b48]" started-at="2020-06-08T19:19:50Z" name="init_browser" finished-at="2020-06-08T19:20:05Z" duration-ms="15745" status="PASS">
          <reporter-output>
          </reporter-output>
        </test-method> <!-- init_browser -->
        <test-method signature="deleteContacts()[pri:3, instance:com.qa.testcases.TC_04_ContactpageDDT@48d61b48]" started-at="2020-06-08T19:20:05Z" name="deleteContacts" finished-at="2020-06-08T19:20:12Z" duration-ms="6044" status="PASS">
          <reporter-output>
          </reporter-output>
        </test-method> <!-- deleteContacts -->
        <test-method is-config="true" signature="closebrowser()[pri:0, instance:com.qa.testcases.TC_04_ContactpageDDT@48d61b48]" started-at="2020-06-08T19:20:12Z" name="closebrowser" finished-at="2020-06-08T19:20:13Z" duration-ms="1940" status="PASS">
          <reporter-output>
          </reporter-output>
        </test-method> <!-- closebrowser -->
      </class> <!-- com.qa.testcases.TC_04_ContactpageDDT -->
    </test> <!-- Test -->
  </suite> <!-- Suite -->
</testng-results>
