<?xml version="1.0" encoding="UTF-8"?>
<testng-results ignored="0" total="5" passed="5" failed="0" skipped="0">
  <reporter-output>
  </reporter-output>
  <suite started-at="2020-06-07T20:29:46Z" name="Suite" finished-at="2020-06-07T20:31:34Z" duration-ms="107315">
    <groups>
    </groups>
    <test started-at="2020-06-07T20:29:46Z" name="Test" finished-at="2020-06-07T20:31:34Z" duration-ms="107315">
      <class name="com.qa.testcases.TC_07_TasksPage">
        <test-method is-config="true" signature="intiBrowser()[pri:0, instance:com.qa.testcases.TC_07_TasksPage@598bd2ba]" started-at="2020-06-07T20:30:59Z" name="intiBrowser" finished-at="2020-06-07T20:31:11Z" duration-ms="12193" status="PASS">
          <reporter-output>
          </reporter-output>
        </test-method> <!-- intiBrowser -->
        <test-method signature="task_Tab()[pri:0, instance:com.qa.testcases.TC_07_TasksPage@598bd2ba]" started-at="2020-06-07T20:31:11Z" name="task_Tab" finished-at="2020-06-07T20:31:17Z" duration-ms="5577" status="PASS">
          <reporter-output>
          </reporter-output>
        </test-method> <!-- task_Tab -->
        <test-method is-config="true" signature="close()[pri:0, instance:com.qa.testcases.TC_07_TasksPage@598bd2ba]" started-at="2020-06-07T20:31:17Z" name="close" finished-at="2020-06-07T20:31:18Z" duration-ms="1544" status="PASS">
          <reporter-output>
          </reporter-output>
        </test-method> <!-- close -->
      </class> <!-- com.qa.testcases.TC_07_TasksPage -->
      <class name="com.qa.testcases.TC_02_Calendarpage">
        <test-method is-config="true" signature="init_browser()[pri:0, instance:com.qa.testcases.TC_02_Calendarpage@32c4e8b2]" started-at="2020-06-07T20:29:46Z" name="init_browser" finished-at="2020-06-07T20:29:59Z" duration-ms="12845" status="PASS">
          <reporter-output>
          </reporter-output>
        </test-method> <!-- init_browser -->
        <test-method signature="addNewCalenderInvite()[pri:0, instance:com.qa.testcases.TC_02_Calendarpage@32c4e8b2]" started-at="2020-06-07T20:30:00Z" name="addNewCalenderInvite" finished-at="2020-06-07T20:30:10Z" duration-ms="10345" status="PASS">
          <reporter-output>
          </reporter-output>
        </test-method> <!-- addNewCalenderInvite -->
        <test-method is-config="true" signature="closebrowser()[pri:0, instance:com.qa.testcases.TC_02_Calendarpage@32c4e8b2]" started-at="2020-06-07T20:30:10Z" name="closebrowser" finished-at="2020-06-07T20:30:12Z" duration-ms="1605" status="PASS">
          <reporter-output>
          </reporter-output>
        </test-method> <!-- closebrowser -->
      </class> <!-- com.qa.testcases.TC_02_Calendarpage -->
      <class name="com.qa.testcases.TC_01_Loginpage">
        <test-method is-config="true" signature="init_browser()[pri:0, instance:com.qa.testcases.TC_01_Loginpage@58326051]" started-at="2020-06-07T20:31:18Z" name="init_browser" finished-at="2020-06-07T20:31:26Z" duration-ms="7663" status="PASS">
          <reporter-output>
          </reporter-output>
        </test-method> <!-- init_browser -->
        <test-method signature="FreeCrmLogin()[pri:1, instance:com.qa.testcases.TC_01_Loginpage@58326051]" started-at="2020-06-07T20:31:26Z" name="FreeCrmLogin" finished-at="2020-06-07T20:31:33Z" duration-ms="6711" status="PASS">
          <reporter-output>
          </reporter-output>
        </test-method> <!-- FreeCrmLogin -->
        <test-method is-config="true" signature="closebrowser()[pri:0, instance:com.qa.testcases.TC_01_Loginpage@58326051]" started-at="2020-06-07T20:31:33Z" name="closebrowser" finished-at="2020-06-07T20:31:34Z" duration-ms="1012" status="PASS">
          <reporter-output>
          </reporter-output>
        </test-method> <!-- closebrowser -->
      </class> <!-- com.qa.testcases.TC_01_Loginpage -->
      <class name="com.qa.testcases.TC_05_DealsPage">
        <test-method is-config="true" signature="startup()[pri:0, instance:com.qa.testcases.TC_05_DealsPage@764faa6]" started-at="2020-06-07T20:30:12Z" name="startup" finished-at="2020-06-07T20:30:24Z" duration-ms="12121" status="PASS">
          <reporter-output>
          </reporter-output>
        </test-method> <!-- startup -->
        <test-method signature="Dealspage()[pri:0, instance:com.qa.testcases.TC_05_DealsPage@764faa6]" started-at="2020-06-07T20:30:24Z" name="Dealspage" finished-at="2020-06-07T20:30:31Z" duration-ms="7718" status="PASS">
          <reporter-output>
          </reporter-output>
        </test-method> <!-- Dealspage -->
        <test-method is-config="true" signature="close()[pri:0, instance:com.qa.testcases.TC_05_DealsPage@764faa6]" started-at="2020-06-07T20:30:31Z" name="close" finished-at="2020-06-07T20:30:33Z" duration-ms="2072" status="PASS">
          <reporter-output>
          </reporter-output>
        </test-method> <!-- close -->
      </class> <!-- com.qa.testcases.TC_05_DealsPage -->
      <class name="com.qa.testcases.TC_06_CompaniesPage">
        <test-method is-config="true" signature="intiBrowser_Login()[pri:0, instance:com.qa.testcases.TC_06_CompaniesPage@4c1f22f3]" started-at="2020-06-07T20:30:33Z" name="intiBrowser_Login" finished-at="2020-06-07T20:30:45Z" duration-ms="11961" status="PASS">
          <reporter-output>
          </reporter-output>
        </test-method> <!-- intiBrowser_Login -->
        <test-method signature="companies_TabClick()[pri:0, instance:com.qa.testcases.TC_06_CompaniesPage@4c1f22f3]" started-at="2020-06-07T20:30:45Z" name="companies_TabClick" finished-at="2020-06-07T20:30:57Z" duration-ms="12006" status="PASS">
          <reporter-output>
          </reporter-output>
        </test-method> <!-- companies_TabClick -->
        <test-method is-config="true" signature="close()[pri:0, instance:com.qa.testcases.TC_06_CompaniesPage@4c1f22f3]" started-at="2020-06-07T20:30:57Z" name="close" finished-at="2020-06-07T20:30:59Z" duration-ms="1614" status="PASS">
          <reporter-output>
          </reporter-output>
        </test-method> <!-- close -->
      </class> <!-- com.qa.testcases.TC_06_CompaniesPage -->
    </test> <!-- Test -->
  </suite> <!-- Suite -->
</testng-results>
