<?xml version="1.0" encoding="UTF-8"?>
<testng-results ignored="0" total="1" passed="1" failed="0" skipped="0">
  <reporter-output>
  </reporter-output>
  <suite started-at="2020-06-24T01:52:03Z" name="Default suite" finished-at="2020-06-24T01:52:19Z" duration-ms="16193">
    <groups>
    </groups>
    <test started-at="2020-06-24T01:52:03Z" name="Default test" finished-at="2020-06-24T01:52:19Z" duration-ms="16193">
      <class name="com.qa.testcases.TC_11_FreeCRM2">
        <test-method is-config="true" signature="init_browser()[pri:0, instance:com.qa.testcases.TC_11_FreeCRM2@265adfad]" started-at="2020-06-24T01:52:03Z" name="init_browser" finished-at="2020-06-24T01:52:11Z" duration-ms="8743" status="PASS">
          <reporter-output>
          </reporter-output>
        </test-method> <!-- init_browser -->
        <test-method signature="appsAvailable()[pri:2, instance:com.qa.testcases.TC_11_FreeCRM2@265adfad]" started-at="2020-06-24T01:52:12Z" name="appsAvailable" finished-at="2020-06-24T01:52:15Z" duration-ms="3351" status="PASS">
          <reporter-output>
          </reporter-output>
        </test-method> <!-- appsAvailable -->
        <test-method is-config="true" signature="closebrowser()[pri:0, instance:com.qa.testcases.TC_11_FreeCRM2@265adfad]" started-at="2020-06-24T01:52:17Z" name="closebrowser" finished-at="2020-06-24T01:52:19Z" duration-ms="2353" status="PASS">
          <reporter-output>
          </reporter-output>
        </test-method> <!-- closebrowser -->
      </class> <!-- com.qa.testcases.TC_11_FreeCRM2 -->
    </test> <!-- Default test -->
  </suite> <!-- Default suite -->
</testng-results>
